<?xml version="1.0" encoding="UTF-8"?>
<testsuite name="se.callista.microservises.support.ConfigServerApplicationTests" tests="1" skipped="0" failures="0" errors="0" timestamp="2020-10-01T05:11:00" hostname="aliyun" time="0.003">
  <properties/>
  <testcase name="contextLoads" classname="se.callista.microservises.support.ConfigServerApplicationTests" time="0.003"/>
  <system-out><![CDATA[13:10:52.475 [Test worker] DEBUG org.springframework.test.context.junit4.SpringJUnit4ClassRunner - SpringJUnit4ClassRunner constructor called with [class se.callista.microservises.support.ConfigServerApplicationTests]
13:10:52.482 [Test worker] DEBUG org.springframework.test.context.BootstrapUtils - Instantiating CacheAwareContextLoaderDelegate from class [org.springframework.test.context.cache.DefaultCacheAwareContextLoaderDelegate]
13:10:52.489 [Test worker] DEBUG org.springframework.test.context.BootstrapUtils - Instantiating BootstrapContext using constructor [public org.springframework.test.context.support.DefaultBootstrapContext(java.lang.Class,org.springframework.test.context.CacheAwareContextLoaderDelegate)]
13:10:52.501 [Test worker] DEBUG org.springframework.test.context.BootstrapUtils - Instantiating TestContextBootstrapper for test class [se.callista.microservises.support.ConfigServerApplicationTests] from class [org.springframework.test.context.support.DefaultTestContextBootstrapper]
13:10:52.523 [Test worker] DEBUG org.springframework.test.context.support.DefaultTestContextBootstrapper - Found explicit ContextLoader class [org.springframework.boot.test.SpringApplicationContextLoader] for context configuration attributes [ContextConfigurationAttributes@6588b976 declaringClass = 'se.callista.microservises.support.ConfigServerApplicationTests', classes = '{class se.callista.microservises.support.ConfigServerApplication}', locations = '{}', inheritLocations = true, initializers = '{}', inheritInitializers = true, name = [null], contextLoaderClass = 'org.springframework.boot.test.SpringApplicationContextLoader']
13:10:52.531 [Test worker] DEBUG org.springframework.test.context.support.AbstractContextLoader - Did not detect default resource location for test class [se.callista.microservises.support.ConfigServerApplicationTests]: class path resource [se/callista/microservises/support/ConfigServerApplicationTests-context.xml] does not exist
13:10:52.533 [Test worker] DEBUG org.springframework.test.context.support.AbstractContextLoader - Did not detect default resource location for test class [se.callista.microservises.support.ConfigServerApplicationTests]: class path resource [se/callista/microservises/support/ConfigServerApplicationTestsContext.groovy] does not exist
13:10:52.533 [Test worker] INFO org.springframework.test.context.support.AbstractContextLoader - Could not detect default resource locations for test class [se.callista.microservises.support.ConfigServerApplicationTests]: no resource found for suffixes {-context.xml, Context.groovy}.
13:10:52.536 [Test worker] DEBUG org.springframework.test.context.support.ActiveProfilesUtils - Could not find an 'annotation declaring class' for annotation type [org.springframework.test.context.ActiveProfiles] and class [se.callista.microservises.support.ConfigServerApplicationTests]
13:10:52.560 [Test worker] INFO org.springframework.test.context.support.DefaultTestContextBootstrapper - Using TestExecutionListeners: [org.springframework.boot.test.IntegrationTestPropertiesListener@769f1d51, org.springframework.test.context.support.DirtiesContextBeforeModesTestExecutionListener@7301178a, org.springframework.test.context.support.DependencyInjectionTestExecutionListener@35be129d, org.springframework.test.context.support.DirtiesContextTestExecutionListener@5502944a, org.springframework.test.context.transaction.TransactionalTestExecutionListener@5b796e2e, org.springframework.test.context.jdbc.SqlScriptsTestExecutionListener@20bf8f8c]
13:10:52.563 [Test worker] DEBUG org.springframework.test.annotation.ProfileValueUtils - Retrieved @ProfileValueSourceConfiguration [null] for test class [se.callista.microservises.support.ConfigServerApplicationTests]
13:10:52.565 [Test worker] DEBUG org.springframework.test.annotation.ProfileValueUtils - Retrieved ProfileValueSource type [class org.springframework.test.annotation.SystemProfileValueSource] for class [se.callista.microservises.support.ConfigServerApplicationTests]
13:10:52.566 [Test worker] DEBUG org.springframework.test.annotation.ProfileValueUtils - Retrieved @ProfileValueSourceConfiguration [null] for test class [se.callista.microservises.support.ConfigServerApplicationTests]
13:10:52.566 [Test worker] DEBUG org.springframework.test.annotation.ProfileValueUtils - Retrieved ProfileValueSource type [class org.springframework.test.annotation.SystemProfileValueSource] for class [se.callista.microservises.support.ConfigServerApplicationTests]
13:10:52.569 [Test worker] DEBUG org.springframework.test.context.support.AbstractDirtiesContextTestExecutionListener - Before test class: context [DefaultTestContext@33fc12bf testClass = ConfigServerApplicationTests, testInstance = [null], testMethod = [null], testException = [null], mergedContextConfiguration = [MergedContextConfiguration@246654ff testClass = ConfigServerApplicationTests, locations = '{}', classes = '{class se.callista.microservises.support.ConfigServerApplication}', contextInitializerClasses = '[]', activeProfiles = '{}', propertySourceLocations = '{}', propertySourceProperties = '{}', contextLoader = 'org.springframework.boot.test.SpringApplicationContextLoader', parent = [null]]], class annotated with @DirtiesContext [false] with mode [null].
13:10:52.570 [Test worker] DEBUG org.springframework.test.annotation.ProfileValueUtils - Retrieved @ProfileValueSourceConfiguration [null] for test class [se.callista.microservises.support.ConfigServerApplicationTests]
13:10:52.570 [Test worker] DEBUG org.springframework.test.annotation.ProfileValueUtils - Retrieved ProfileValueSource type [class org.springframework.test.annotation.SystemProfileValueSource] for class [se.callista.microservises.support.ConfigServerApplicationTests]
13:10:52.572 [Test worker] DEBUG org.springframework.test.util.ReflectionTestUtils - Getting field 'mergedContextConfiguration' from target object [[DefaultTestContext@33fc12bf testClass = ConfigServerApplicationTests, testInstance = se.callista.microservises.support.ConfigServerApplicationTests@54b5ea89, testMethod = [null], testException = [null], mergedContextConfiguration = [MergedContextConfiguration@246654ff testClass = ConfigServerApplicationTests, locations = '{}', classes = '{class se.callista.microservises.support.ConfigServerApplication}', contextInitializerClasses = '[]', activeProfiles = '{}', propertySourceLocations = '{}', propertySourceProperties = '{}', contextLoader = 'org.springframework.boot.test.SpringApplicationContextLoader', parent = [null]]]] or target class [class org.springframework.test.context.support.DefaultTestContext]
13:10:52.573 [Test worker] DEBUG org.springframework.test.util.ReflectionTestUtils - Setting field 'propertySourceProperties' of type [null] on target object [[MergedContextConfiguration@246654ff testClass = ConfigServerApplicationTests, locations = '{}', classes = '{class se.callista.microservises.support.ConfigServerApplication}', contextInitializerClasses = '[]', activeProfiles = '{}', propertySourceLocations = '{}', propertySourceProperties = '{}', contextLoader = 'org.springframework.boot.test.SpringApplicationContextLoader', parent = [null]]] or target class [class org.springframework.test.context.MergedContextConfiguration] to value [[Ljava.lang.String;@7c8360f6]
13:10:52.574 [Test worker] DEBUG org.springframework.test.context.support.DependencyInjectionTestExecutionListener - Performing dependency injection for test context [[DefaultTestContext@33fc12bf testClass = ConfigServerApplicationTests, testInstance = se.callista.microservises.support.ConfigServerApplicationTests@54b5ea89, testMethod = [null], testException = [null], mergedContextConfiguration = [MergedContextConfiguration@246654ff testClass = ConfigServerApplicationTests, locations = '{}', classes = '{class se.callista.microservises.support.ConfigServerApplication}', contextInitializerClasses = '[]', activeProfiles = '{}', propertySourceLocations = '{}', propertySourceProperties = '{server.port=0, spring.cloud.bus.enabled=false, spring.cloud.discovery.enabled=false, org.springframework.boot.test.IntegrationTest=true}', contextLoader = 'org.springframework.boot.test.SpringApplicationContextLoader', parent = [null]]]].
13:10:52.651 [Test worker] DEBUG org.springframework.core.env.StandardEnvironment - Adding [systemProperties] PropertySource with lowest search precedence
13:10:52.653 [Test worker] DEBUG org.springframework.core.env.StandardEnvironment - Adding [systemEnvironment] PropertySource with lowest search precedence
13:10:52.654 [Test worker] DEBUG org.springframework.core.env.StandardEnvironment - Initialized StandardEnvironment with PropertySources [systemProperties,systemEnvironment]
13:10:52.655 [Test worker] DEBUG org.springframework.core.env.StandardEnvironment - Adding [integrationTest] PropertySource with search precedence immediately lower than [systemEnvironment]
2020-10-01 13:10:53.244  INFO [config-server,,,] 27074 --- [    Test worker] s.c.a.AnnotationConfigApplicationContext : Refreshing org.springframework.context.annotation.AnnotationConfigApplicationContext@5fb63b62: startup date [Thu Oct 01 13:10:53 CST 2020]; root of context hierarchy
2020-10-01 13:10:53.737  INFO [config-server,,,] 27074 --- [    Test worker] f.a.AutowiredAnnotationBeanPostProcessor : JSR-330 'javax.inject.Inject' annotation found and supported for autowiring
2020-10-01 13:10:53.770  INFO [config-server,,,] 27074 --- [    Test worker] trationDelegate$BeanPostProcessorChecker : Bean 'configurationPropertiesRebinderAutoConfiguration' of type [class org.springframework.cloud.autoconfigure.ConfigurationPropertiesRebinderAutoConfiguration$$EnhancerBySpringCGLIB$$965af565] is not eligible for getting processed by all BeanPostProcessors (for example: not eligible for auto-proxying)

  .   ____          _            __ _ _
 /\\ / ___'_ __ _ _(_)_ __  __ _ \ \ \ \
( ( )\___ | '_ | '_| | '_ \/ _` | \ \ \ \
 \\/  ___)| |_)| | | | | || (_| |  ) ) ) )
  '  |____| .__|_| |_|_| |_\__, | / / / /
 =========|_|==============|___/=/_/_/_/
 :: Spring Boot ::        (v1.3.6.RELEASE)

2020-10-01 13:10:54.354  INFO [config-server,,,] 27074 --- [    Test worker] s.c.m.s.ConfigServerApplicationTests     : No active profile set, falling back to default profiles: default
2020-10-01 13:10:55.721  WARN [config-server,,,] 27074 --- [    Test worker] o.s.c.a.ConfigurationClassPostProcessor  : Cannot enhance @Configuration bean definition 'refreshScope' since its singleton instance has been created too early. The typical cause is a non-static @Bean method with a BeanDefinitionRegistryPostProcessor return type: Consider declaring such methods as 'static'.
2020-10-01 13:10:59.382  WARN [config-server,,,] 27074 --- [    Test worker] c.n.c.sources.URLConfigurationSource     : No URLs will be polled as dynamic configuration sources.
2020-10-01 13:10:59.388  WARN [config-server,,,] 27074 --- [    Test worker] c.n.c.sources.URLConfigurationSource     : No URLs will be polled as dynamic configuration sources.
2020-10-01 13:11:00.204  INFO [config-server,,,] 27074 --- [    Test worker] s.c.m.s.ConfigServerApplicationTests     : Started ConfigServerApplicationTests in 7.547 seconds (JVM running for 8.711)
]]></system-out>
  <system-err><![CDATA[]]></system-err>
</testsuite>
